<?xml version="1.0" encoding="UTF-8"?>
<testng-results ignored="0" total="3" passed="3" failed="0" skipped="0">
  <reporter-output>
  </reporter-output>
  <suite started-at="2022-04-06T07:25:51 UTC" name="Surefire suite" finished-at="2022-04-06T07:26:01 UTC" duration-ms="9514">
    <groups>
      <group name="cucumber">
        <method signature="AbstractTestNGCucumberTests.runScenario(io.cucumber.testng.PickleWrapper,io.cucumber.testng.FeatureWrapper)[pri:0, instance:com.example.cucumberspring1.runner.TestRunner@3e694b3f]" name="runScenario" class="io.cucumber.testng.AbstractTestNGCucumberTests"/>
      </group> <!-- cucumber -->
    </groups>
    <test started-at="2022-04-06T07:25:51 UTC" name="Surefire test" finished-at="2022-04-06T07:26:01 UTC" duration-ms="9514">
      <class name="com.example.cucumberspring1.runner.TestRunner">
        <test-method is-config="true" signature="setUpClass()[pri:0, instance:com.example.cucumberspring1.runner.TestRunner@3e694b3f]" started-at="2022-04-06T07:25:51 UTC" name="setUpClass" finished-at="2022-04-06T07:25:52 UTC" duration-ms="488" status="PASS">
          <reporter-output>
          </reporter-output>
        </test-method> <!-- setUpClass -->
        <test-method signature="runScenario(io.cucumber.testng.PickleWrapper,io.cucumber.testng.FeatureWrapper)[pri:0, instance:com.example.cucumberspring1.runner.TestRunner@3e694b3f]" started-at="2022-04-06T07:25:52 UTC" name="runScenario" description="Runs Cucumber Scenarios" data-provider="scenarios" finished-at="2022-04-06T07:26:01 UTC" duration-ms="8806" status="PASS">
          <params>
            <param index="0">
              <value>
                <![CDATA["Login with correct username and password"]]>
              </value>
            </param>
            <param index="1">
              <value>
                <![CDATA["Optional[Login Feature]"]]>
              </value>
            </param>
          </params>
          <reporter-output>
          </reporter-output>
        </test-method> <!-- runScenario -->
        <test-method signature="runScenario(io.cucumber.testng.PickleWrapper,io.cucumber.testng.FeatureWrapper)[pri:0, instance:com.example.cucumberspring1.runner.TestRunner@3e694b3f]" started-at="2022-04-06T07:25:52 UTC" name="runScenario" description="Runs Cucumber Scenarios" data-provider="scenarios" finished-at="2022-04-06T07:26:01 UTC" duration-ms="8808" status="PASS">
          <params>
            <param index="0">
              <value>
                <![CDATA["Login with correct username and password 2"]]>
              </value>
            </param>
            <param index="1">
              <value>
                <![CDATA["Optional[Login Feature]"]]>
              </value>
            </param>
          </params>
          <reporter-output>
          </reporter-output>
        </test-method> <!-- runScenario -->
        <test-method signature="runScenario(io.cucumber.testng.PickleWrapper,io.cucumber.testng.FeatureWrapper)[pri:0, instance:com.example.cucumberspring1.runner.TestRunner@3e694b3f]" started-at="2022-04-06T07:25:52 UTC" name="runScenario" description="Runs Cucumber Scenarios" data-provider="scenarios" finished-at="2022-04-06T07:26:01 UTC" duration-ms="8858" status="PASS">
          <params>
            <param index="0">
              <value>
                <![CDATA["Login with correct username and password"]]>
              </value>
            </param>
            <param index="1">
              <value>
                <![CDATA["Optional[Login Feature]"]]>
              </value>
            </param>
          </params>
          <reporter-output>
          </reporter-output>
        </test-method> <!-- runScenario -->
        <test-method is-config="true" signature="tearDownClass()[pri:0, instance:com.example.cucumberspring1.runner.TestRunner@3e694b3f]" started-at="2022-04-06T07:26:01 UTC" name="tearDownClass" finished-at="2022-04-06T07:26:01 UTC" duration-ms="102" status="PASS">
          <reporter-output>
          </reporter-output>
        </test-method> <!-- tearDownClass -->
      </class> <!-- com.example.cucumberspring1.runner.TestRunner -->
    </test> <!-- Surefire test -->
  </suite> <!-- Surefire suite -->
</testng-results>
